[14-07-2026 12:39:48.20] Running Shopify sync 
Requesting access token via client credentials grant...
Fetching orders updated after 2026-07-13T13:50:33Z ...
Done. 1 order(s) upserted. Next run will fetch orders updated after 2026-07-13T13:50:33Z.
[14-07-2026 12:39:49.67] Done, exit code 0 
[14-07-2026 12:54:02.78] Running Shopify sync 
Requesting access token via client credentials grant...
Fetching orders updated after 2026-07-13T13:50:33Z ...
Done. 1 order(s) upserted. Next run will fetch orders updated after 2026-07-13T13:50:33Z.
[14-07-2026 12:54:04.57] Done, exit code 0 
[14-07-2026 13:09:02.52] Running Shopify sync 
Requesting access token via client credentials grant...
Fetching orders updated after 2026-07-13T13:50:33Z ...
Done. 1 order(s) upserted. Next run will fetch orders updated after 2026-07-13T13:50:33Z.
[14-07-2026 13:09:04.32] Done, exit code 0 
[14-07-2026 13:24:02.65] Running Shopify sync 
Requesting access token via client credentials grant...
Fetching orders updated after 2026-07-13T13:50:33Z ...
Done. 1 order(s) upserted. Next run will fetch orders updated after 2026-07-13T13:50:33Z.
[14-07-2026 13:24:05.33] Done, exit code 0 
[14-07-2026 13:39:02.53] Running Shopify sync 
Requesting access token via client credentials grant...
Fetching orders updated after 2026-07-13T13:50:33Z ...
Done. 1 order(s) upserted. Next run will fetch orders updated after 2026-07-13T13:50:33Z.
[14-07-2026 13:39:04.14] Done, exit code 0 
[14-07-2026 15:32:38.12] Running Shopify sync 
Requesting access token via client credentials grant...
Fetching orders updated after 2026-07-13T13:50:33Z ...
Done. 1 order(s) upserted. Next run will fetch orders updated after 2026-07-13T13:50:33Z.
[14-07-2026 15:32:40.93] Done, exit code 0 
[14-07-2026 15:39:02.71] Running Shopify sync 
Requesting access token via client credentials grant...
Fetching orders updated after 2026-07-13T13:50:33Z ...
Done. 1 order(s) upserted. Next run will fetch orders updated after 2026-07-13T13:50:33Z.
^C[14-07-2026 15:54:03.09] Running Shopify sync 
Requesting access token via client credentials grant...
Fetching orders updated after 2026-07-13T13:50:33Z ...
Done. 1 order(s) upserted. Next run will fetch orders updated after 2026-07-13T13:50:33Z.
[14-07-2026 15:54:05.10] Done, exit code 0 
[14-07-2026 16:09:02.82] Running Shopify sync 
Requesting access token via client credentials grant...
Fetching orders updated after 2026-07-13T13:50:33Z ...
Done. 1 order(s) upserted. Next run will fetch orders updated after 2026-07-13T13:50:33Z.
[14-07-2026 16:09:05.25] Done, exit code 0 
[14-07-2026 16:24:01.70] Running Shopify sync 
Requesting access token via client credentials grant...
Fetching orders updated after 2026-07-13T13:50:33Z ...
Done. 1 order(s) upserted. Next run will fetch orders updated after 2026-07-13T13:50:33Z.
[14-07-2026 16:24:03.30] Done, exit code 0 
[14-07-2026 16:39:01.88] Running Shopify sync 
^C[14-07-2026 18:13:48.46] Running Shopify sync 
Requesting access token via client credentials grant...
Fetching orders updated after 2026-07-13T13:50:33Z ...
Done. 1 order(s) upserted. Next run will fetch orders updated after 2026-07-13T13:50:33Z.
[14-07-2026 18:13:50.85] Done, exit code 0 
[14-07-2026 18:24:02.42] Running Shopify sync 
^C[14-07-2026 18:39:02.64] Running Shopify sync 
Requesting access token via client credentials grant...
Fetching orders updated after 2026-07-13T13:50:33Z ...
Done. 1 order(s) upserted. Next run will fetch orders updated after 2026-07-13T13:50:33Z.
[14-07-2026 18:39:04.94] Done, exit code 0 
[14-07-2026 18:54:02.51] Running Shopify sync 
Requesting access token via client credentials grant...
Fetching orders updated after 2026-07-13T13:50:33Z ...
Done. 1 order(s) upserted. Next run will fetch orders updated after 2026-07-13T13:50:33Z.
[14-07-2026 18:54:04.31] Done, exit code 0 
[14-07-2026 19:09:02.62] Running Shopify sync 
Requesting access token via client credentials grant...
Fetching orders updated after 2026-07-13T13:50:33Z ...
Done. 1 order(s) upserted. Next run will fetch orders updated after 2026-07-13T13:50:33Z.
[14-07-2026 19:09:04.68] Done, exit code 0 
[15-07-2026 19:36:30.45] Running Shopify sync 
Requesting access token via client credentials grant...
Fetching orders updated after 2026-07-13T13:50:33Z ...
Done. 2 order(s) upserted. Next run will fetch orders updated after 2026-07-14T15:14:06Z.
[15-07-2026 19:36:44.69] Done, exit code 0 
[15-07-2026 19:39:06.85] Running Shopify sync 
[15-07-2026 19:54:02.39] Running Shopify sync 
^C[15-07-2026 20:09:02.25] Running Shopify sync 
Requesting access token via client credentials grant...
Fetching orders updated after 2026-07-14T15:14:06Z ...
Done. 1 order(s) upserted. Next run will fetch orders updated after 2026-07-14T15:14:06Z.
[15-07-2026 20:09:04.60] Done, exit code 0 
[15-07-2026 20:24:02.27] Running Shopify sync 
Requesting access token via client credentials grant...
Fetching orders updated after 2026-07-14T15:14:06Z ...
Done. 1 order(s) upserted. Next run will fetch orders updated after 2026-07-14T15:14:06Z.
[15-07-2026 20:24:04.19] Done, exit code 0 
[15-07-2026 21:20:03.04] Running Shopify sync 
Requesting access token via client credentials grant...
Fetching orders updated after 2026-07-14T15:14:06Z ...
Done. 1 order(s) upserted. Next run will fetch orders updated after 2026-07-14T15:14:06Z.
[15-07-2026 21:20:05.59] Done, exit code 0 
[15-07-2026 21:24:02.25] Running Shopify sync 
Requesting access token via client credentials grant...
Fetching orders updated after 2026-07-14T15:14:06Z ...
Done. 1 order(s) upserted. Next run will fetch orders updated after 2026-07-14T15:14:06Z.
[15-07-2026 21:24:04.05] Done, exit code 0 
[15-07-2026 23:37:03.51] Running Shopify sync 
[15-07-2026 23:39:02.41] Running Shopify sync 
^C[15-07-2026 23:54:04.18] Running Shopify sync 
Requesting access token via client credentials grant...
Fetching orders updated after 2026-07-14T15:14:06Z ...
Done. 1 order(s) upserted. Next run will fetch orders updated after 2026-07-14T15:14:06Z.
[15-07-2026 23:54:07.86] Done, exit code 0 
[16-07-2026 14:33:52.66] Running Shopify sync 
Requesting access token via client credentials grant...
Fetching orders updated after 2026-07-14T15:14:06Z ...
Done. 4 order(s) upserted. Next run will fetch orders updated after 2026-07-16T06:33:44Z.
[16-07-2026 14:34:02.07] Done, exit code 0 
[16-07-2026 14:39:02.69] Running Shopify sync 
^C[16-07-2026 14:54:05.98] Running Shopify sync 
Requesting access token via client credentials grant...
Fetching orders updated after 2026-07-16T06:33:44Z ...
Done. 1 order(s) upserted. Next run will fetch orders updated after 2026-07-16T06:33:44Z.
[16-07-2026 14:54:08.33] Done, exit code 0 
